Traceback (most recent call last):
  File "/opt/homebrew/Caskroom/miniforge/base/envs/jupyter-book/lib/python3.9/site-packages/jupyter_cache/executors/utils.py", line 51, in single_nb_execution
    executenb(
  File "/opt/homebrew/Caskroom/miniforge/base/envs/jupyter-book/lib/python3.9/site-packages/nbclient/client.py", line 1093, in execute
    return NotebookClient(nb=nb, resources=resources, km=km, **kwargs).execute()
  File "/opt/homebrew/Caskroom/miniforge/base/envs/jupyter-book/lib/python3.9/site-packages/nbclient/util.py", line 84, in wrapped
    return just_run(coro(*args, **kwargs))
  File "/opt/homebrew/Caskroom/miniforge/base/envs/jupyter-book/lib/python3.9/site-packages/nbclient/util.py", line 62, in just_run
    return loop.run_until_complete(coro)
  File "/opt/homebrew/Caskroom/miniforge/base/envs/jupyter-book/lib/python3.9/asyncio/base_events.py", line 642, in run_until_complete
    return future.result()
  File "/opt/homebrew/Caskroom/miniforge/base/envs/jupyter-book/lib/python3.9/site-packages/nbclient/client.py", line 559, in async_execute
    await self.async_execute_cell(
  File "/opt/homebrew/Caskroom/miniforge/base/envs/jupyter-book/lib/python3.9/site-packages/nbclient/client.py", line 854, in async_execute_cell
    self._check_raise_for_error(cell, exec_reply)
  File "/opt/homebrew/Caskroom/miniforge/base/envs/jupyter-book/lib/python3.9/site-packages/nbclient/client.py", line 756, in _check_raise_for_error
    raise CellExecutionError.from_cell_and_msg(cell, exec_reply_content)
nbclient.exceptions.CellExecutionError: An error occurred while executing the following cell:
------------------
dataset = Dataset.from_csv('../scripts/data/ROCStories_winter2017 - ROCStories_winter2017.csv')
dataset
------------------

[0;31m---------------------------------------------------------------------------[0m
[0;31mFileNotFoundError[0m                         Traceback (most recent call last)
[0;32m/var/folders/tx/s3wb7bvx4blgb8xnlhfxvw7h0000gn/T/ipykernel_12815/2104588494.py[0m in [0;36m<module>[0;34m[0m
[0;32m----> 1[0;31m [0mdataset[0m [0;34m=[0m [0mDataset[0m[0;34m.[0m[0mfrom_csv[0m[0;34m([0m[0;34m'../scripts/data/ROCStories_winter2017 - ROCStories_winter2017.csv'[0m[0;34m)[0m[0;34m[0m[0;34m[0m[0m
[0m[1;32m      2[0m [0mdataset[0m[0;34m[0m[0;34m[0m[0m

[0;32m/opt/homebrew/Caskroom/miniforge/base/envs/jupyter-book/lib/python3.9/site-packages/datasets/arrow_dataset.py[0m in [0;36mfrom_csv[0;34m(path_or_paths, split, features, cache_dir, keep_in_memory, **kwargs)[0m
[1;32m    482[0m         [0;32mfrom[0m [0;34m.[0m[0mio[0m[0;34m.[0m[0mcsv[0m [0;32mimport[0m [0mCsvDatasetReader[0m[0;34m[0m[0;34m[0m[0m
[1;32m    483[0m [0;34m[0m[0m
[0;32m--> 484[0;31m         return CsvDatasetReader(
[0m[1;32m    485[0m             [0mpath_or_paths[0m[0;34m,[0m [0msplit[0m[0;34m=[0m[0msplit[0m[0;34m,[0m [0mfeatures[0m[0;34m=[0m[0mfeatures[0m[0;34m,[0m [0mcache_dir[0m[0;34m=[0m[0mcache_dir[0m[0;34m,[0m [0mkeep_in_memory[0m[0;34m=[0m[0mkeep_in_memory[0m[0;34m,[0m [0;34m**[0m[0mkwargs[0m[0;34m[0m[0;34m[0m[0m
[1;32m    486[0m         ).read()

[0;32m/opt/homebrew/Caskroom/miniforge/base/envs/jupyter-book/lib/python3.9/site-packages/datasets/io/csv.py[0m in [0;36m__init__[0;34m(self, path_or_paths, split, features, cache_dir, keep_in_memory, **kwargs)[0m
[1;32m     23[0m         )
[1;32m     24[0m         [0mpath_or_paths[0m [0;34m=[0m [0mpath_or_paths[0m [0;32mif[0m [0misinstance[0m[0;34m([0m[0mpath_or_paths[0m[0;34m,[0m [0mdict[0m[0;34m)[0m [0;32melse[0m [0;34m{[0m[0mself[0m[0;34m.[0m[0msplit[0m[0;34m:[0m [0mpath_or_paths[0m[0;34m}[0m[0;34m[0m[0;34m[0m[0m
[0;32m---> 25[0;31m         self.builder = Csv(
[0m[1;32m     26[0m             [0mcache_dir[0m[0;34m=[0m[0mcache_dir[0m[0;34m,[0m[0;34m[0m[0;34m[0m[0m
[1;32m     27[0m             [0mdata_files[0m[0;34m=[0m[0mpath_or_paths[0m[0;34m,[0m[0;34m[0m[0;34m[0m[0m

[0;32m/opt/homebrew/Caskroom/miniforge/base/envs/jupyter-book/lib/python3.9/site-packages/datasets/builder.py[0m in [0;36m__init__[0;34m(self, cache_dir, name, hash, base_path, features, use_auth_token, **config_kwargs)[0m
[1;32m    285[0m         [0;32mif[0m [0;34m"data_dir"[0m [0;32min[0m [0mconfig_kwargs[0m [0;32mand[0m [0mconfig_kwargs[0m[0;34m[[0m[0;34m"data_dir"[0m[0;34m][0m [0;32mis[0m [0;32mNone[0m[0;34m:[0m[0;34m[0m[0;34m[0m[0m
[1;32m    286[0m             [0;32mdel[0m [0mconfig_kwargs[0m[0;34m[[0m[0;34m"data_dir"[0m[0;34m][0m[0;34m[0m[0;34m[0m[0m
[0;32m--> 287[0;31m         self.config, self.config_id = self._create_builder_config(
[0m[1;32m    288[0m             [0mname[0m[0;34m,[0m[0;34m[0m[0;34m[0m[0m
[1;32m    289[0m             [0mcustom_features[0m[0;34m=[0m[0mfeatures[0m[0;34m,[0m[0;34m[0m[0;34m[0m[0m

[0;32m/opt/homebrew/Caskroom/miniforge/base/envs/jupyter-book/lib/python3.9/site-packages/datasets/builder.py[0m in [0;36m_create_builder_config[0;34m(self, name, custom_features, **config_kwargs)[0m
[1;32m    402[0m [0;34m[0m[0m
[1;32m    403[0m         [0;31m# compute the config id that is going to be used for caching[0m[0;34m[0m[0;34m[0m[0m
[0;32m--> 404[0;31m         config_id = builder_config.create_config_id(
[0m[1;32m    405[0m             [0mconfig_kwargs[0m[0;34m,[0m[0;34m[0m[0;34m[0m[0m
[1;32m    406[0m             [0mcustom_features[0m[0;34m=[0m[0mcustom_features[0m[0;34m,[0m[0;34m[0m[0;34m[0m[0m

[0;32m/opt/homebrew/Caskroom/miniforge/base/envs/jupyter-book/lib/python3.9/site-packages/datasets/builder.py[0m in [0;36mcreate_config_id[0;34m(self, config_kwargs, custom_features, use_auth_token, base_path)[0m
[1;32m    193[0m                     [0;32melse[0m[0;34m:[0m[0;34m[0m[0;34m[0m[0m
[1;32m    194[0m                         [0mm[0m[0;34m.[0m[0mupdate[0m[0;34m([0m[0mos[0m[0;34m.[0m[0mpath[0m[0;34m.[0m[0mabspath[0m[0;34m([0m[0mdata_file[0m[0;34m)[0m[0;34m)[0m[0;34m[0m[0;34m[0m[0m
[0;32m--> 195[0;31m                         [0mm[0m[0;34m.[0m[0mupdate[0m[0;34m([0m[0mstr[0m[0;34m([0m[0mos[0m[0;34m.[0m[0mpath[0m[0;34m.[0m[0mgetmtime[0m[0;34m([0m[0mdata_file[0m[0;34m)[0m[0;34m)[0m[0;34m)[0m[0;34m[0m[0;34m[0m[0m
[0m[1;32m    196[0m             [0msuffix[0m [0;34m=[0m [0mm[0m[0;34m.[0m[0mhexdigest[0m[0;34m([0m[0;34m)[0m[0;34m[0m[0;34m[0m[0m
[1;32m    197[0m [0;34m[0m[0m

[0;32m/opt/homebrew/Caskroom/miniforge/base/envs/jupyter-book/lib/python3.9/genericpath.py[0m in [0;36mgetmtime[0;34m(filename)[0m
[1;32m     53[0m [0;32mdef[0m [0mgetmtime[0m[0;34m([0m[0mfilename[0m[0;34m)[0m[0;34m:[0m[0;34m[0m[0;34m[0m[0m
[1;32m     54[0m     [0;34m"""Return the last modification time of a file, reported by os.stat()."""[0m[0;34m[0m[0;34m[0m[0m
[0;32m---> 55[0;31m     [0;32mreturn[0m [0mos[0m[0;34m.[0m[0mstat[0m[0;34m([0m[0mfilename[0m[0;34m)[0m[0;34m.[0m[0mst_mtime[0m[0;34m[0m[0;34m[0m[0m
[0m[1;32m     56[0m [0;34m[0m[0m
[1;32m     57[0m [0;34m[0m[0m

[0;31mFileNotFoundError[0m: [Errno 2] No such file or directory: '../scripts/data/ROCStories_winter2017 - ROCStories_winter2017.csv'
FileNotFoundError: [Errno 2] No such file or directory: '../scripts/data/ROCStories_winter2017 - ROCStories_winter2017.csv'

