\BOOKMARK [0][-]{chapter.1}{Introduction}{}% 1
\BOOKMARK [0][-]{chapter.2}{The\040Huggingface\040ecosystem}{}% 2
\BOOKMARK [1][-]{section.2.1}{tranformers}{chapter.2}% 3
\BOOKMARK [1][-]{section.2.2}{tokenizers}{chapter.2}% 4
\BOOKMARK [1][-]{section.2.3}{datasets}{chapter.2}% 5
\BOOKMARK [1][-]{section.2.4}{Interoperability}{chapter.2}% 6
\BOOKMARK [1][-]{section.2.5}{PyTorch-Backend}{chapter.2}% 7
\BOOKMARK [0][-]{chapter.3}{Experimental\040Design}{}% 8
\BOOKMARK [1][-]{section.3.1}{Task}{chapter.3}% 9
\BOOKMARK [1][-]{section.3.2}{Metrics}{chapter.3}% 10
\BOOKMARK [1][-]{section.3.3}{Dataset}{chapter.3}% 11
\BOOKMARK [0][-]{chapter.4}{Prerequisites}{}% 12
\BOOKMARK [1][-]{section.4.1}{Dataset-preparation}{chapter.4}% 13
\BOOKMARK [1][-]{section.4.2}{Data\040loading}{chapter.4}% 14
\BOOKMARK [1][-]{section.4.3}{Loss\040function}{chapter.4}% 15
\BOOKMARK [0][-]{chapter.5}{Huggingface\040Trainer}{}% 16
\BOOKMARK [1][-]{section.5.1}{Classes}{chapter.5}% 17
\BOOKMARK [1][-]{section.5.2}{Implementation}{chapter.5}% 18
\BOOKMARK [1][-]{section.5.3}{Complete\040code}{chapter.5}% 19
\BOOKMARK [1][-]{section.5.4}{Conclusion}{chapter.5}% 20
\BOOKMARK [0][-]{chapter.6}{PyTorch\040Lightning}{}% 21
\BOOKMARK [1][-]{section.6.1}{Classes}{chapter.6}% 22
\BOOKMARK [1][-]{section.6.2}{Implementation}{chapter.6}% 23
\BOOKMARK [1][-]{section.6.3}{Conclusion}{chapter.6}% 24
\BOOKMARK [0][-]{chapter.7}{Poutyne}{}% 25
\BOOKMARK [1][-]{section.7.1}{Classes}{chapter.7}% 26
\BOOKMARK [1][-]{section.7.2}{Additional\040Features}{chapter.7}% 27
\BOOKMARK [1][-]{section.7.3}{Implementation}{chapter.7}% 28
\BOOKMARK [1][-]{section.7.4}{Conclusion}{chapter.7}% 29
\BOOKMARK [0][-]{chapter.8}{Experimental\040Results}{}% 30
\BOOKMARK [1][-]{section.8.1}{Hyperparemters}{chapter.8}% 31
\BOOKMARK [1][-]{section.8.2}{Results}{chapter.8}% 32
\BOOKMARK [0][-]{chapter.9}{Conclusion}{}% 33
\BOOKMARK [0][-]{chapter.10}{Bibliography}{}% 34
\BOOKMARK [0][-]{chapter*.11}{Bibliography}{}% 35
